<?xml version="1.0" encoding="UTF-8"?>
<testsuite name="ru.netology.qa.SampleTest" tests="1" skipped="0" failures="0" errors="0" timestamp="2023-07-28T18:58:19" hostname="DESKTOP-SJU7TG2" time="17.769">
  <properties/>
  <testcase name="sampleTest()" classname="ru.netology.qa.SampleTest" time="17.769"/>
  <system-out><![CDATA[]]></system-out>
  <system-err><![CDATA[июл. 28, 2023 9:58:32 PM io.appium.java_client.remote.AppiumCommandExecutor$1 lambda$0
INFO: Detected dialect: W3C
]]></system-err>
</testsuite>
